
=== Mon Mar 15 14:06:06 2021

Packages were changed.
Update Mode: updateDependencies

The following packages were added:
  com.unity.2d.sprite@1.0.0
  com.unity.2d.tilemap@1.0.0
  com.unity.collab-proxy@1.2.16
  com.unity.ide.rider@1.1.4
  com.unity.ide.vscode@1.2.1
  com.unity.modules.androidjni@1.0.0
  com.unity.multiplayer-hlapi@1.0.6
  com.unity.test-framework@1.1.16
  com.unity.timeline@1.2.6
  com.unity.ugui@1.0.0
  com.unity.xr.legacyinputhelpers@2.1.4
The following packages were removed:
  com.unity.package-manager-ui@1.9.11

=== Fri Feb 25 17:36:27 2022

Packages were changed.
Update Mode: updateDependencies

The following packages were added:
  com.unity.ide.visualstudio@2.0.12
The following packages were updated:
  com.unity.collab-proxy from version 1.2.16 to 1.15.7
  com.unity.ide.rider from version 1.1.4 to 2.0.7
  com.unity.ide.vscode from version 1.2.1 to 1.2.4
  com.unity.test-framework from version 1.1.16 to 1.1.29
  com.unity.timeline from version 1.2.6 to 1.4.8
  com.unity.xr.legacyinputhelpers from version 2.1.4 to 2.1.8
